Features: [3, 2, 1]
Prediction: 1, Label: 2
Features: [2, 1, 1]
Prediction: 0, Label: 2
Features: [3, 2, 1]
Prediction: 1, Label: 2
Features: [2, 2, 1]
Prediction: 1, Label: 2
Features: [1, 1, 1]
Prediction: 0, Label: 1
Features: [2, 2, 3]
Prediction: 1, Label: 2
Features: [1, 1, 1]
Prediction: 0, Label: 1
Features: [2, 2, 2]
Prediction: 1, Label: 2
Features: [1, 1, 2]
Prediction: 0, Label: 1
Features: [2, 2, 1]
Prediction: 1, Label: 2
Features: [2, 2, 1]
Prediction: 1, Label: 2
Features: [3, 2, 2]
Prediction: 1, Label: 2
Features: [2, 2, 1]
Prediction: 1, Label: 2
Features: [1, 2, 1]
Prediction: 1, Label: 2
Features: [1, 2, 1]
Prediction: 1, Label: 2
Features: [3, 2, 2]
Prediction: 1, Label: 2
Features: [2, 2, 1]
Prediction: 1, Label: 2
Features: [1, 1, 3]
Prediction: 0, Label: 1
Features: [3, 1, 1]
Prediction: 0, Label: 1
Accuracy: 76.54%